
> Task :compileJava

> Task :processResources UP-TO-DATE
> Task :classes
> Task :resolveMainClassName

> Task :bootRun

  .   ____          _            __ _ _
 /\\ / ___'_ __ _ _(_)_ __  __ _ \ \ \ \
( ( )\___ | '_ | '_| | '_ \/ _` | \ \ \ \
 \\/  ___)| |_)| | | | | || (_| |  ) ) ) )
  '  |____| .__|_| |_|_| |_\__, | / / / /
 =========|_|==============|___/=/_/_/_/
 :: Spring Boot ::                (v3.1.3)

2025-11-06T17:39:37.305+09:00  INFO 55674 --- [           main] c.e.d.DevkorprojectApplication           : Starting DevkorprojectApplication using Java 17.0.16 with PID 55674 (/Users/eunjin/Documents/devkor_project_2023_2/build/classes/java/main started by eunjin in /Users/eunjin/Documents/devkor_project_2023_2)
2025-11-06T17:39:37.306+09:00  INFO 55674 --- [           main] c.e.d.DevkorprojectApplication           : No active profile set, falling back to 1 default profile: "default"
2025-11-06T17:39:37.557+09:00  INFO 55674 --- [           main] .s.d.r.c.RepositoryConfigurationDelegate : Bootstrapping Spring Data JPA repositories in DEFAULT mode.
2025-11-06T17:39:37.589+09:00  INFO 55674 --- [           main] .s.d.r.c.RepositoryConfigurationDelegate : Finished Spring Data repository scanning in 29 ms. Found 11 JPA repository interfaces.
2025-11-06T17:39:37.783+09:00  INFO 55674 --- [           main] o.s.b.w.embedded.tomcat.TomcatWebServer  : Tomcat initialized with port(s): 8080 (http)
2025-11-06T17:39:37.788+09:00  INFO 55674 --- [           main] o.apache.catalina.core.StandardService   : Starting service [Tomcat]
2025-11-06T17:39:37.788+09:00  INFO 55674 --- [           main] o.apache.catalina.core.StandardEngine    : Starting Servlet engine: [Apache Tomcat/10.1.12]
2025-11-06T17:39:37.827+09:00  INFO 55674 --- [           main] o.a.c.c.C.[Tomcat].[localhost].[/]       : Initializing Spring embedded WebApplicationContext
2025-11-06T17:39:37.827+09:00  INFO 55674 --- [           main] w.s.c.ServletWebServerApplicationContext : Root WebApplicationContext: initialization completed in 503 ms
2025-11-06T17:39:37.887+09:00  INFO 55674 --- [           main] o.hibernate.jpa.internal.util.LogHelper  : HHH000204: Processing PersistenceUnitInfo [name: default]
2025-11-06T17:39:37.904+09:00  INFO 55674 --- [           main] org.hibernate.Version                    : HHH000412: Hibernate ORM core version 6.2.7.Final
2025-11-06T17:39:37.905+09:00  INFO 55674 --- [           main] org.hibernate.cfg.Environment            : HHH000406: Using bytecode reflection optimizer
2025-11-06T17:39:37.946+09:00  INFO 55674 --- [           main] o.h.b.i.BytecodeProviderInitiator        : HHH000021: Bytecode provider name : bytebuddy
2025-11-06T17:39:38.004+09:00  INFO 55674 --- [           main] o.s.o.j.p.SpringPersistenceUnitInfo      : No LoadTimeWeaver setup: ignoring JPA class transformer
2025-11-06T17:39:38.010+09:00  INFO 55674 --- [           main] com.zaxxer.hikari.HikariDataSource       : HikariPool-1 - Starting...
2025-11-06T17:39:38.054+09:00  INFO 55674 --- [           main] com.zaxxer.hikari.pool.HikariPool        : HikariPool-1 - Added connection org.postgresql.jdbc.PgConnection@4567fb2b
2025-11-06T17:39:38.055+09:00  INFO 55674 --- [           main] com.zaxxer.hikari.HikariDataSource       : HikariPool-1 - Start completed.
2025-11-06T17:39:38.077+09:00 DEBUG 55674 --- [           main] o.h.t.d.sql.spi.DdlTypeRegistry          : addDescriptor(6, org.hibernate.type.descriptor.sql.internal.CapacityDependentDdlType@64c8fcfb) replaced previous registration(org.hibernate.type.descriptor.sql.internal.DdlTypeImpl@21be14c2)
2025-11-06T17:39:38.170+09:00  INFO 55674 --- [           main] o.h.b.i.BytecodeProviderInitiator        : HHH000021: Bytecode provider name : bytebuddy
2025-11-06T17:39:38.452+09:00  INFO 55674 --- [           main] o.h.e.t.j.p.i.JtaPlatformInitiator       : HHH000490: Using JtaPlatform implementation: [org.hibernate.engine.transaction.jta.platform.internal.NoJtaPlatform]
2025-11-06T17:39:38.478+09:00 DEBUG 55674 --- [           main] org.hibernate.SQL                        : 
    alter table if exists alarm_entity 
       alter column date set data type timestamp(6)
2025-11-06T17:39:38.480+09:00 DEBUG 55674 --- [           main] org.hibernate.SQL                        : 
    alter table if exists comment_entity 
       alter column time set data type timestamp(6)
2025-11-06T17:39:38.480+09:00 DEBUG 55674 --- [           main] org.hibernate.SQL                        : 
    alter table if exists diet_entity 
       alter column date set data type timestamp(6)
2025-11-06T17:39:38.481+09:00 DEBUG 55674 --- [           main] org.hibernate.SQL                        : 
    alter table if exists fridge_entity 
       alter column date set data type timestamp(6)
2025-11-06T17:39:38.482+09:00 DEBUG 55674 --- [           main] org.hibernate.SQL                        : 
    alter table if exists post_entity 
       alter column update_date set data type timestamp(6)
2025-11-06T17:39:38.567+09:00  INFO 55674 --- [           main] j.LocalContainerEntityManagerFactoryBean : Initialized JPA EntityManagerFactory for persistence unit 'default'
2025-11-06T17:39:38.791+09:00  INFO 55674 --- [           main] o.s.d.j.r.query.QueryEnhancerFactory     : Hibernate is in classpath; If applicable, HQL parser will be used.
2025-11-06T17:39:39.037+09:00  WARN 55674 --- [           main] JpaBaseConfiguration$JpaWebConfiguration : spring.jpa.open-in-view is enabled by default. Therefore, database queries may be performed during view rendering. Explicitly configure spring.jpa.open-in-view to disable this warning
2025-11-06T17:39:39.132+09:00  INFO 55674 --- [           main] o.s.s.web.DefaultSecurityFilterChain     : Will secure any request with [org.springframework.security.web.session.DisableEncodeUrlFilter@18be7f57, org.springframework.security.web.context.request.async.WebAsyncManagerIntegrationFilter@64aab3fd, org.springframework.security.web.context.SecurityContextHolderFilter@1435a8ca, org.springframework.security.web.header.HeaderWriterFilter@2d73aa17, org.springframework.security.web.authentication.logout.LogoutFilter@42a698bd, com.example.devkorproject.auth.jwt.JwtFilter@2565b097, org.springframework.security.web.savedrequest.RequestCacheAwareFilter@69780093, org.springframework.security.web.servletapi.SecurityContextHolderAwareRequestFilter@72cf43fa, org.springframework.security.web.authentication.AnonymousAuthenticationFilter@34c79268, org.springframework.security.web.session.SessionManagementFilter@377b773c, org.springframework.security.web.access.ExceptionTranslationFilter@363a1d8d, org.springframework.security.web.access.intercept.AuthorizationFilter@70d61624]
2025-11-06T17:39:39.253+09:00  INFO 55674 --- [           main] o.s.b.w.embedded.tomcat.TomcatWebServer  : Tomcat started on port(s): 8080 (http) with context path ''
2025-11-06T17:39:39.257+09:00  INFO 55674 --- [           main] c.e.d.DevkorprojectApplication           : Started DevkorprojectApplication in 2.107 seconds (process running for 2.253)
2025-11-06T17:39:54.250+09:00  INFO 55674 --- [nio-8080-exec-1] o.a.c.c.C.[Tomcat].[localhost].[/]       : Initializing Spring DispatcherServlet 'dispatcherServlet'
2025-11-06T17:39:54.250+09:00  INFO 55674 --- [nio-8080-exec-1] o.s.web.servlet.DispatcherServlet        : Initializing Servlet 'dispatcherServlet'
2025-11-06T17:39:54.251+09:00  INFO 55674 --- [nio-8080-exec-1] o.s.web.servlet.DispatcherServlet        : Completed initialization in 1 ms
2025-11-06T17:39:54.330+09:00 DEBUG 55674 --- [nio-8080-exec-1] org.hibernate.SQL                        : 
    select
        c1_0.customer_id,
        c1_0.authority,
        c1_0.customer_name,
        c1_0.email,
        c1_0.fcm_token,
        c1_0.my_comments,
        c1_0.my_likes,
        c1_0.my_posts,
        c1_0.password,
        c1_0.rank 
    from
        customer_entity c1_0 
    where
        c1_0.customer_name=?
2025-11-06T17:39:54.436+09:00 DEBUG 55674 --- [nio-8080-exec-1] org.hibernate.SQL                        : 
    insert 
    into
        customer_entity
        (authority,customer_name,email,fcm_token,my_comments,my_likes,my_posts,password,rank) 
    values
        (?,?,?,?,?,?,?,?,?)
